C:\Program Files\dotnet\sdk\10.0.300-preview.0.26177.108\Sdks\Microsoft.NET.Sdk\targets\Microsoft.NET.RuntimeIdentifierInference.targets(383,5): message NETSDK1057: You are using a preview version of .NET. See: https://aka.ms/dotnet-support-policy [E:\repos\Private\BodyCam\src\BodyCam\BodyCam.csproj::TargetFramework=net10.0-android]
C:\Users\jonk435491\.nuget\packages\porcupine\4.0.2\buildTransitive\net6.0\resources\keyword_files\linux\alexa_linux.ppn : warning XA0101: @(Content) build action is not supported [E:\repos\Private\BodyCam\src\BodyCam\BodyCam.csproj::TargetFramework=net10.0-android]
C:\Users\jonk435491\.nuget\packages\porcupine\4.0.2\buildTransitive\net6.0\resources\keyword_files\linux\americano_linux.ppn : warning XA0101: @(Content) build action is not supported [E:\repos\Private\BodyCam\src\BodyCam\BodyCam.csproj::TargetFramework=net10.0-android]
C:\Users\jonk435491\.nuget\packages\porcupine\4.0.2\buildTransitive\net6.0\resources\keyword_files\linux\blueberry_linux.ppn : warning XA0101: @(Content) build action is not supported [E:\repos\Private\BodyCam\src\BodyCam\BodyCam.csproj::TargetFramework=net10.0-android]
C:\Users\jonk435491\.nuget\packages\porcupine\4.0.2\buildTransitive\net6.0\resources\keyword_files\linux\bumblebee_linux.ppn : warning XA0101: @(Content) build action is not supported [E:\repos\Private\BodyCam\src\BodyCam\BodyCam.csproj::TargetFramework=net10.0-android]
C:\Users\jonk435491\.nuget\packages\porcupine\4.0.2\buildTransitive\net6.0\resources\keyword_files\linux\computer_linux.ppn : warning XA0101: @(Content) build action is not supported [E:\repos\Private\BodyCam\src\BodyCam\BodyCam.csproj::TargetFramework=net10.0-android]
C:\Users\jonk435491\.nuget\packages\porcupine\4.0.2\buildTransitive\net6.0\resources\keyword_files\linux\grapefruit_linux.ppn : warning XA0101: @(Content) build action is not supported [E:\repos\Private\BodyCam\src\BodyCam\BodyCam.csproj::TargetFramework=net10.0-android]
C:\Users\jonk435491\.nuget\packages\porcupine\4.0.2\buildTransitive\net6.0\resources\keyword_files\linux\grasshopper_linux.ppn : warning XA0101: @(Content) build action is not supported [E:\repos\Private\BodyCam\src\BodyCam\BodyCam.csproj::TargetFramework=net10.0-android]
C:\Users\jonk435491\.nuget\packages\porcupine\4.0.2\buildTransitive\net6.0\resources\keyword_files\linux\hey google_linux.ppn : warning XA0101: @(Content) build action is not supported [E:\repos\Private\BodyCam\src\BodyCam\BodyCam.csproj::TargetFramework=net10.0-android]
C:\Users\jonk435491\.nuget\packages\porcupine\4.0.2\buildTransitive\net6.0\resources\keyword_files\linux\hey siri_linux.ppn : warning XA0101: @(Content) build action is not supported [E:\repos\Private\BodyCam\src\BodyCam\BodyCam.csproj::TargetFramework=net10.0-android]
C:\Users\jonk435491\.nuget\packages\porcupine\4.0.2\buildTransitive\net6.0\resources\keyword_files\linux\jarvis_linux.ppn : warning XA0101: @(Content) build action is not supported [E:\repos\Private\BodyCam\src\BodyCam\BodyCam.csproj::TargetFramework=net10.0-android]
C:\Users\jonk435491\.nuget\packages\porcupine\4.0.2\buildTransitive\net6.0\resources\keyword_files\linux\ok google_linux.ppn : warning XA0101: @(Content) build action is not supported [E:\repos\Private\BodyCam\src\BodyCam\BodyCam.csproj::TargetFramework=net10.0-android]
C:\Users\jonk435491\.nuget\packages\porcupine\4.0.2\buildTransitive\net6.0\resources\keyword_files\linux\picovoice_linux.ppn : warning XA0101: @(Content) build action is not supported [E:\repos\Private\BodyCam\src\BodyCam\BodyCam.csproj::TargetFramework=net10.0-android]
C:\Users\jonk435491\.nuget\packages\porcupine\4.0.2\buildTransitive\net6.0\resources\keyword_files\linux\porcupine_linux.ppn : warning XA0101: @(Content) build action is not supported [E:\repos\Private\BodyCam\src\BodyCam\BodyCam.csproj::TargetFramework=net10.0-android]
C:\Users\jonk435491\.nuget\packages\porcupine\4.0.2\buildTransitive\net6.0\resources\keyword_files\linux\terminator_linux.ppn : warning XA0101: @(Content) build action is not supported [E:\repos\Private\BodyCam\src\BodyCam\BodyCam.csproj::TargetFramework=net10.0-android]
C:\Users\jonk435491\.nuget\packages\porcupine\4.0.2\buildTransitive\net6.0\resources\keyword_files\mac\alexa_mac.ppn : warning XA0101: @(Content) build action is not supported [E:\repos\Private\BodyCam\src\BodyCam\BodyCam.csproj::TargetFramework=net10.0-android]
C:\Users\jonk435491\.nuget\packages\porcupine\4.0.2\buildTransitive\net6.0\resources\keyword_files\mac\americano_mac.ppn : warning XA0101: @(Content) build action is not supported [E:\repos\Private\BodyCam\src\BodyCam\BodyCam.csproj::TargetFramework=net10.0-android]
C:\Users\jonk435491\.nuget\packages\porcupine\4.0.2\buildTransitive\net6.0\resources\keyword_files\mac\blueberry_mac.ppn : warning XA0101: @(Content) build action is not supported [E:\repos\Private\BodyCam\src\BodyCam\BodyCam.csproj::TargetFramework=net10.0-android]
C:\Users\jonk435491\.nuget\packages\porcupine\4.0.2\buildTransitive\net6.0\resources\keyword_files\mac\bumblebee_mac.ppn : warning XA0101: @(Content) build action is not supported [E:\repos\Private\BodyCam\src\BodyCam\BodyCam.csproj::TargetFramework=net10.0-android]
C:\Users\jonk435491\.nuget\packages\porcupine\4.0.2\buildTransitive\net6.0\resources\keyword_files\mac\computer_mac.ppn : warning XA0101: @(Content) build action is not supported [E:\repos\Private\BodyCam\src\BodyCam\BodyCam.csproj::TargetFramework=net10.0-android]
C:\Users\jonk435491\.nuget\packages\porcupine\4.0.2\buildTransitive\net6.0\resources\keyword_files\mac\grapefruit_mac.ppn : warning XA0101: @(Content) build action is not supported [E:\repos\Private\BodyCam\src\BodyCam\BodyCam.csproj::TargetFramework=net10.0-android]
C:\Users\jonk435491\.nuget\packages\porcupine\4.0.2\buildTransitive\net6.0\resources\keyword_files\mac\grasshopper_mac.ppn : warning XA0101: @(Content) build action is not supported [E:\repos\Private\BodyCam\src\BodyCam\BodyCam.csproj::TargetFramework=net10.0-android]
C:\Users\jonk435491\.nuget\packages\porcupine\4.0.2\buildTransitive\net6.0\resources\keyword_files\mac\hey google_mac.ppn : warning XA0101: @(Content) build action is not supported [E:\repos\Private\BodyCam\src\BodyCam\BodyCam.csproj::TargetFramework=net10.0-android]
C:\Users\jonk435491\.nuget\packages\porcupine\4.0.2\buildTransitive\net6.0\resources\keyword_files\mac\hey siri_mac.ppn : warning XA0101: @(Content) build action is not supported [E:\repos\Private\BodyCam\src\BodyCam\BodyCam.csproj::TargetFramework=net10.0-android]
C:\Users\jonk435491\.nuget\packages\porcupine\4.0.2\buildTransitive\net6.0\resources\keyword_files\mac\jarvis_mac.ppn : warning XA0101: @(Content) build action is not supported [E:\repos\Private\BodyCam\src\BodyCam\BodyCam.csproj::TargetFramework=net10.0-android]
C:\Users\jonk435491\.nuget\packages\porcupine\4.0.2\buildTransitive\net6.0\resources\keyword_files\mac\ok google_mac.ppn : warning XA0101: @(Content) build action is not supported [E:\repos\Private\BodyCam\src\BodyCam\BodyCam.csproj::TargetFramework=net10.0-android]
C:\Users\jonk435491\.nuget\packages\porcupine\4.0.2\buildTransitive\net6.0\resources\keyword_files\mac\picovoice_mac.ppn : warning XA0101: @(Content) build action is not supported [E:\repos\Private\BodyCam\src\BodyCam\BodyCam.csproj::TargetFramework=net10.0-android]
C:\Users\jonk435491\.nuget\packages\porcupine\4.0.2\buildTransitive\net6.0\resources\keyword_files\mac\porcupine_mac.ppn : warning XA0101: @(Content) build action is not supported [E:\repos\Private\BodyCam\src\BodyCam\BodyCam.csproj::TargetFramework=net10.0-android]
C:\Users\jonk435491\.nuget\packages\porcupine\4.0.2\buildTransitive\net6.0\resources\keyword_files\mac\terminator_mac.ppn : warning XA0101: @(Content) build action is not supported [E:\repos\Private\BodyCam\src\BodyCam\BodyCam.csproj::TargetFramework=net10.0-android]
C:\Users\jonk435491\.nuget\packages\porcupine\4.0.2\buildTransitive\net6.0\resources\keyword_files\raspberry-pi\alexa_raspberry-pi.ppn : warning XA0101: @(Content) build action is not supported [E:\repos\Private\BodyCam\src\BodyCam\BodyCam.csproj::TargetFramework=net10.0-android]
C:\Users\jonk435491\.nuget\packages\porcupine\4.0.2\buildTransitive\net6.0\resources\keyword_files\raspberry-pi\americano_raspberry-pi.ppn : warning XA0101: @(Content) build action is not supported [E:\repos\Private\BodyCam\src\BodyCam\BodyCam.csproj::TargetFramework=net10.0-android]
C:\Users\jonk435491\.nuget\packages\porcupine\4.0.2\buildTransitive\net6.0\resources\keyword_files\raspberry-pi\blueberry_raspberry-pi.ppn : warning XA0101: @(Content) build action is not supported [E:\repos\Private\BodyCam\src\BodyCam\BodyCam.csproj::TargetFramework=net10.0-android]
C:\Users\jonk435491\.nuget\packages\porcupine\4.0.2\buildTransitive\net6.0\resources\keyword_files\raspberry-pi\bumblebee_raspberry-pi.ppn : warning XA0101: @(Content) build action is not supported [E:\repos\Private\BodyCam\src\BodyCam\BodyCam.csproj::TargetFramework=net10.0-android]
C:\Users\jonk435491\.nuget\packages\porcupine\4.0.2\buildTransitive\net6.0\resources\keyword_files\raspberry-pi\computer_raspberry-pi.ppn : warning XA0101: @(Content) build action is not supported [E:\repos\Private\BodyCam\src\BodyCam\BodyCam.csproj::TargetFramework=net10.0-android]
C:\Users\jonk435491\.nuget\packages\porcupine\4.0.2\buildTransitive\net6.0\resources\keyword_files\raspberry-pi\grapefruit_raspberry-pi.ppn : warning XA0101: @(Content) build action is not supported [E:\repos\Private\BodyCam\src\BodyCam\BodyCam.csproj::TargetFramework=net10.0-android]
C:\Users\jonk435491\.nuget\packages\porcupine\4.0.2\buildTransitive\net6.0\resources\keyword_files\raspberry-pi\grasshopper_raspberry-pi.ppn : warning XA0101: @(Content) build action is not supported [E:\repos\Private\BodyCam\src\BodyCam\BodyCam.csproj::TargetFramework=net10.0-android]
C:\Users\jonk435491\.nuget\packages\porcupine\4.0.2\buildTransitive\net6.0\resources\keyword_files\raspberry-pi\hey google_raspberry-pi.ppn : warning XA0101: @(Content) build action is not supported [E:\repos\Private\BodyCam\src\BodyCam\BodyCam.csproj::TargetFramework=net10.0-android]
C:\Users\jonk435491\.nuget\packages\porcupine\4.0.2\buildTransitive\net6.0\resources\keyword_files\raspberry-pi\hey siri_raspberry-pi.ppn : warning XA0101: @(Content) build action is not supported [E:\repos\Private\BodyCam\src\BodyCam\BodyCam.csproj::TargetFramework=net10.0-android]
C:\Users\jonk435491\.nuget\packages\porcupine\4.0.2\buildTransitive\net6.0\resources\keyword_files\raspberry-pi\jarvis_raspberry-pi.ppn : warning XA0101: @(Content) build action is not supported [E:\repos\Private\BodyCam\src\BodyCam\BodyCam.csproj::TargetFramework=net10.0-android]
C:\Users\jonk435491\.nuget\packages\porcupine\4.0.2\buildTransitive\net6.0\resources\keyword_files\raspberry-pi\ok google_raspberry-pi.ppn : warning XA0101: @(Content) build action is not supported [E:\repos\Private\BodyCam\src\BodyCam\BodyCam.csproj::TargetFramework=net10.0-android]
C:\Users\jonk435491\.nuget\packages\porcupine\4.0.2\buildTransitive\net6.0\resources\keyword_files\raspberry-pi\picovoice_raspberry-pi.ppn : warning XA0101: @(Content) build action is not supported [E:\repos\Private\BodyCam\src\BodyCam\BodyCam.csproj::TargetFramework=net10.0-android]
C:\Users\jonk435491\.nuget\packages\porcupine\4.0.2\buildTransitive\net6.0\resources\keyword_files\raspberry-pi\porcupine_raspberry-pi.ppn : warning XA0101: @(Content) build action is not supported [E:\repos\Private\BodyCam\src\BodyCam\BodyCam.csproj::TargetFramework=net10.0-android]
C:\Users\jonk435491\.nuget\packages\porcupine\4.0.2\buildTransitive\net6.0\resources\keyword_files\raspberry-pi\terminator_raspberry-pi.ppn : warning XA0101: @(Content) build action is not supported [E:\repos\Private\BodyCam\src\BodyCam\BodyCam.csproj::TargetFramework=net10.0-android]
C:\Users\jonk435491\.nuget\packages\porcupine\4.0.2\buildTransitive\net6.0\resources\keyword_files\windows\alexa_windows.ppn : warning XA0101: @(Content) build action is not supported [E:\repos\Private\BodyCam\src\BodyCam\BodyCam.csproj::TargetFramework=net10.0-android]
C:\Users\jonk435491\.nuget\packages\porcupine\4.0.2\buildTransitive\net6.0\resources\keyword_files\windows\americano_windows.ppn : warning XA0101: @(Content) build action is not supported [E:\repos\Private\BodyCam\src\BodyCam\BodyCam.csproj::TargetFramework=net10.0-android]
C:\Users\jonk435491\.nuget\packages\porcupine\4.0.2\buildTransitive\net6.0\resources\keyword_files\windows\blueberry_windows.ppn : warning XA0101: @(Content) build action is not supported [E:\repos\Private\BodyCam\src\BodyCam\BodyCam.csproj::TargetFramework=net10.0-android]
C:\Users\jonk435491\.nuget\packages\porcupine\4.0.2\buildTransitive\net6.0\resources\keyword_files\windows\bumblebee_windows.ppn : warning XA0101: @(Content) build action is not supported [E:\repos\Private\BodyCam\src\BodyCam\BodyCam.csproj::TargetFramework=net10.0-android]
C:\Users\jonk435491\.nuget\packages\porcupine\4.0.2\buildTransitive\net6.0\resources\keyword_files\windows\computer_windows.ppn : warning XA0101: @(Content) build action is not supported [E:\repos\Private\BodyCam\src\BodyCam\BodyCam.csproj::TargetFramework=net10.0-android]
C:\Users\jonk435491\.nuget\packages\porcupine\4.0.2\buildTransitive\net6.0\resources\keyword_files\windows\grapefruit_windows.ppn : warning XA0101: @(Content) build action is not supported [E:\repos\Private\BodyCam\src\BodyCam\BodyCam.csproj::TargetFramework=net10.0-android]
C:\Users\jonk435491\.nuget\packages\porcupine\4.0.2\buildTransitive\net6.0\resources\keyword_files\windows\grasshopper_windows.ppn : warning XA0101: @(Content) build action is not supported [E:\repos\Private\BodyCam\src\BodyCam\BodyCam.csproj::TargetFramework=net10.0-android]
C:\Users\jonk435491\.nuget\packages\porcupine\4.0.2\buildTransitive\net6.0\resources\keyword_files\windows\hey google_windows.ppn : warning XA0101: @(Content) build action is not supported [E:\repos\Private\BodyCam\src\BodyCam\BodyCam.csproj::TargetFramework=net10.0-android]
C:\Users\jonk435491\.nuget\packages\porcupine\4.0.2\buildTransitive\net6.0\resources\keyword_files\windows\hey siri_windows.ppn : warning XA0101: @(Content) build action is not supported [E:\repos\Private\BodyCam\src\BodyCam\BodyCam.csproj::TargetFramework=net10.0-android]
C:\Users\jonk435491\.nuget\packages\porcupine\4.0.2\buildTransitive\net6.0\resources\keyword_files\windows\jarvis_windows.ppn : warning XA0101: @(Content) build action is not supported [E:\repos\Private\BodyCam\src\BodyCam\BodyCam.csproj::TargetFramework=net10.0-android]
C:\Users\jonk435491\.nuget\packages\porcupine\4.0.2\buildTransitive\net6.0\resources\keyword_files\windows\ok google_windows.ppn : warning XA0101: @(Content) build action is not supported [E:\repos\Private\BodyCam\src\BodyCam\BodyCam.csproj::TargetFramework=net10.0-android]
C:\Users\jonk435491\.nuget\packages\porcupine\4.0.2\buildTransitive\net6.0\resources\keyword_files\windows\picovoice_windows.ppn : warning XA0101: @(Content) build action is not supported [E:\repos\Private\BodyCam\src\BodyCam\BodyCam.csproj::TargetFramework=net10.0-android]
C:\Users\jonk435491\.nuget\packages\porcupine\4.0.2\buildTransitive\net6.0\resources\keyword_files\windows\porcupine_windows.ppn : warning XA0101: @(Content) build action is not supported [E:\repos\Private\BodyCam\src\BodyCam\BodyCam.csproj::TargetFramework=net10.0-android]
C:\Users\jonk435491\.nuget\packages\porcupine\4.0.2\buildTransitive\net6.0\resources\keyword_files\windows\terminator_windows.ppn : warning XA0101: @(Content) build action is not supported [E:\repos\Private\BodyCam\src\BodyCam\BodyCam.csproj::TargetFramework=net10.0-android]
C:\Users\jonk435491\.nuget\packages\porcupine\4.0.2\buildTransitive\net6.0\lib\linux\x86_64\libpv_porcupine.so : warning XA0101: @(Content) build action is not supported [E:\repos\Private\BodyCam\src\BodyCam\BodyCam.csproj::TargetFramework=net10.0-android]
C:\Users\jonk435491\.nuget\packages\porcupine\4.0.2\buildTransitive\net6.0\lib\mac\arm64\libpv_porcupine.dylib : warning XA0101: @(Content) build action is not supported [E:\repos\Private\BodyCam\src\BodyCam\BodyCam.csproj::TargetFramework=net10.0-android]
C:\Users\jonk435491\.nuget\packages\porcupine\4.0.2\buildTransitive\net6.0\lib\mac\x86_64\libpv_porcupine.dylib : warning XA0101: @(Content) build action is not supported [E:\repos\Private\BodyCam\src\BodyCam\BodyCam.csproj::TargetFramework=net10.0-android]
C:\Users\jonk435491\.nuget\packages\porcupine\4.0.2\buildTransitive\net6.0\lib\raspberry-pi\cortex-a53-aarch64\libpv_porcupine.so : warning XA0101: @(Content) build action is not supported [E:\repos\Private\BodyCam\src\BodyCam\BodyCam.csproj::TargetFramework=net10.0-android]
C:\Users\jonk435491\.nuget\packages\porcupine\4.0.2\buildTransitive\net6.0\lib\raspberry-pi\cortex-a53\libpv_porcupine.so : warning XA0101: @(Content) build action is not supported [E:\repos\Private\BodyCam\src\BodyCam\BodyCam.csproj::TargetFramework=net10.0-android]
C:\Users\jonk435491\.nuget\packages\porcupine\4.0.2\buildTransitive\net6.0\lib\raspberry-pi\cortex-a72-aarch64\libpv_porcupine.so : warning XA0101: @(Content) build action is not supported [E:\repos\Private\BodyCam\src\BodyCam\BodyCam.csproj::TargetFramework=net10.0-android]
C:\Users\jonk435491\.nuget\packages\porcupine\4.0.2\buildTransitive\net6.0\lib\raspberry-pi\cortex-a72\libpv_porcupine.so : warning XA0101: @(Content) build action is not supported [E:\repos\Private\BodyCam\src\BodyCam\BodyCam.csproj::TargetFramework=net10.0-android]
C:\Users\jonk435491\.nuget\packages\porcupine\4.0.2\buildTransitive\net6.0\lib\raspberry-pi\cortex-a76-aarch64\libpv_porcupine.so : warning XA0101: @(Content) build action is not supported [E:\repos\Private\BodyCam\src\BodyCam\BodyCam.csproj::TargetFramework=net10.0-android]
C:\Users\jonk435491\.nuget\packages\porcupine\4.0.2\buildTransitive\net6.0\lib\raspberry-pi\cortex-a76\libpv_porcupine.so : warning XA0101: @(Content) build action is not supported [E:\repos\Private\BodyCam\src\BodyCam\BodyCam.csproj::TargetFramework=net10.0-android]
C:\Users\jonk435491\.nuget\packages\porcupine\4.0.2\buildTransitive\net6.0\lib\windows\amd64\libpv_porcupine.dll : warning XA0101: @(Content) build action is not supported [E:\repos\Private\BodyCam\src\BodyCam\BodyCam.csproj::TargetFramework=net10.0-android]
C:\Users\jonk435491\.nuget\packages\porcupine\4.0.2\buildTransitive\net6.0\lib\windows\amd64\pv_ypu_impl_cuda_porcupine.dll : warning XA0101: @(Content) build action is not supported [E:\repos\Private\BodyCam\src\BodyCam\BodyCam.csproj::TargetFramework=net10.0-android]
C:\Users\jonk435491\.nuget\packages\porcupine\4.0.2\buildTransitive\net6.0\lib\windows\arm64\libpv_porcupine.dll : warning XA0101: @(Content) build action is not supported [E:\repos\Private\BodyCam\src\BodyCam\BodyCam.csproj::TargetFramework=net10.0-android]
C:\Users\jonk435491\.nuget\packages\porcupine\4.0.2\buildTransitive\net6.0\\..\common\porcupine_params.pv : warning XA0101: @(Content) build action is not supported [E:\repos\Private\BodyCam\src\BodyCam\BodyCam.csproj::TargetFramework=net10.0-android]
E:\repos\Private\BodyCam\src\BodyCam.HeyCyan.Android.Bindings\obj\Debug\net10.0-android\generated\src\Com.Oudmon.Ble.Base.Bluetooth.ParameterizedTypeImpl.cs(174,60): warning CS8766: Nullability of reference types in return type of 'IType[]? ParameterizedTypeImpl.GetActualTypeArguments()' doesn't match implicitly implemented member 'IType[] IParameterizedType.GetActualTypeArguments()' (possibly because of nullability attributes). [E:\repos\Private\BodyCam\src\BodyCam.HeyCyan.Android.Bindings\BodyCam.HeyCyan.Android.Bindings.csproj]
E:\repos\Private\BodyCam\src\BodyCam.HeyCyan.Android.Bindings\obj\Debug\net10.0-android\generated\src\Com.Oudmon.Ble.Base.Bluetooth.ParameterizedTypeImpl.cs(115,4): warning CS8766: Nullability of reference types in return type of 'IType? ParameterizedTypeImpl.RawType.get' doesn't match implicitly implemented member 'IType IParameterizedType.RawType.get' (possibly because of nullability attributes). [E:\repos\Private\BodyCam\src\BodyCam.HeyCyan.Android.Bindings\BodyCam.HeyCyan.Android.Bindings.csproj]
  BodyCam.HeyCyan.Android.Bindings -> E:\repos\Private\BodyCam\src\BodyCam.HeyCyan.Android.Bindings\bin\Debug\net10.0-android\BodyCam.HeyCyan.Android.Bindings.dll
  Build #675
E:\repos\Private\BodyCam\src\BodyCam\Platforms\Android\HeyCyan\HeyCyanPermissions.cs(9,38): warning CS1570: XML comment has badly formed XML -- 'An identifier was expected.' [E:\repos\Private\BodyCam\src\BodyCam\BodyCam.csproj::TargetFramework=net10.0-android]
E:\repos\Private\BodyCam\src\BodyCam\Platforms\Android\HeyCyan\HeyCyanPermissions.cs(9,39): warning CS1570: XML comment has badly formed XML -- 'The character(s) '1' cannot be used at this location.' [E:\repos\Private\BodyCam\src\BodyCam\BodyCam.csproj::TargetFramework=net10.0-android]
E:\repos\Private\BodyCam\src\BodyCam\Platforms\Android\AndroidRouteMonitor.cs(55,30): warning CS8765: Nullability of type of parameter 'addedDevices' doesn't match overridden member (possibly because of nullability attributes). [E:\repos\Private\BodyCam\src\BodyCam\BodyCam.csproj::TargetFramework=net10.0-android]
E:\repos\Private\BodyCam\src\BodyCam\Platforms\Android\AndroidRouteMonitor.cs(61,30): warning CS8765: Nullability of type of parameter 'removedDevices' doesn't match overridden member (possibly because of nullability attributes). [E:\repos\Private\BodyCam\src\BodyCam\BodyCam.csproj::TargetFramework=net10.0-android]
E:\repos\Private\BodyCam\src\BodyCam\Platforms\Android\HeyCyan\HeyCyanCodecProbe.Android.cs(242,21): warning CS8767: Nullability of reference types in type of parameter 'proxy' of 'void ProfileListener.OnServiceConnected(ProfileType profile, IBluetoothProfile proxy)' doesn't match implicitly implemented member 'void IBluetoothProfileServiceListener.OnServiceConnected(ProfileType profile, IBluetoothProfile? proxy)' (possibly because of nullability attributes). [E:\repos\Private\BodyCam\src\BodyCam\BodyCam.csproj::TargetFramework=net10.0-android]
E:\repos\Private\BodyCam\src\BodyCam\Pages\Main\MainPage.xaml.cs(93,4): warning CS0618: 'ViewExtensions.FadeTo(VisualElement, double, uint, Easing?)' is obsolete: 'Please use FadeToAsync instead.' [E:\repos\Private\BodyCam\src\BodyCam\BodyCam.csproj::TargetFramework=net10.0-android]
E:\repos\Private\BodyCam\src\BodyCam\Pages\Main\MainPage.xaml.cs(94,4): warning CS0618: 'ViewExtensions.TranslateTo(VisualElement, double, double, uint, Easing?)' is obsolete: 'Please use TranslateToAsync instead.' [E:\repos\Private\BodyCam\src\BodyCam\BodyCam.csproj::TargetFramework=net10.0-android]
E:\repos\Private\BodyCam\src\BodyCam\Pages\Main\MainPage.xaml.cs(115,11): warning CS0618: 'ViewExtensions.FadeTo(VisualElement, double, uint, Easing?)' is obsolete: 'Please use FadeToAsync instead.' [E:\repos\Private\BodyCam\src\BodyCam\BodyCam.csproj::TargetFramework=net10.0-android]
E:\repos\Private\BodyCam\src\BodyCam\Pages\Main\MainPage.xaml.cs(116,11): warning CS0618: 'ViewExtensions.FadeTo(VisualElement, double, uint, Easing?)' is obsolete: 'Please use FadeToAsync instead.' [E:\repos\Private\BodyCam\src\BodyCam\BodyCam.csproj::TargetFramework=net10.0-android]
E:\repos\Private\BodyCam\src\BodyCam\Platforms\Android\AndroidRouteMonitor.cs(31,33): warning CS8604: Possible null reference argument for parameter 'source' in 'bool Enumerable.Any<AudioDeviceInfo>(IEnumerable<AudioDeviceInfo> source, Func<AudioDeviceInfo, bool> predicate)'. [E:\repos\Private\BodyCam\src\BodyCam\BodyCam.csproj::TargetFramework=net10.0-android]
E:\repos\Private\BodyCam\src\BodyCam\Platforms\Android\HeyCyan\WiFiP2pHttpClient.cs(44,20): warning CS8601: Possible null reference assignment. [E:\repos\Private\BodyCam\src\BodyCam\BodyCam.csproj::TargetFramework=net10.0-android]
E:\repos\Private\BodyCam\src\BodyCam\Platforms\Android\HeyCyan\WiFiP2pHttpClient.cs(34,12): warning CS8618: Non-nullable field '_channel' must contain a non-null value when exiting constructor. Consider adding the 'required' modifier or declaring the field as nullable. [E:\repos\Private\BodyCam\src\BodyCam\BodyCam.csproj::TargetFramework=net10.0-android]
E:\repos\Private\BodyCam\src\BodyCam\Platforms\Android\Audio\AndroidBluetoothEnumerator.cs(103,49): warning CS0618: 'BluetoothProfile' is obsolete: 'Use the 'Android.Bluetooth.IBluetoothProfile' type. This class will be removed in a future release.' [E:\repos\Private\BodyCam\src\BodyCam\BodyCam.csproj::TargetFramework=net10.0-android]
E:\repos\Private\BodyCam\src\BodyCam\Platforms\Android\Audio\AndroidBluetoothEnumerator.cs(103,49): warning CS0618: 'BluetoothProfile.ExtraState' is obsolete: 'Use 'Android.Bluetooth.IBluetoothProfile.ExtraState'. This class will be removed in a future release.' [E:\repos\Private\BodyCam\src\BodyCam\BodyCam.csproj::TargetFramework=net10.0-android]
E:\repos\Private\BodyCam\src\BodyCam\Platforms\Android\HeyCyan\HeyCyanCodecProbe.Android.cs(171,40): warning CS8604: Possible null reference argument for parameter 'value' in 'Object.explicit operator bool(Object value)'. [E:\repos\Private\BodyCam\src\BodyCam\BodyCam.csproj::TargetFramework=net10.0-android]
E:\repos\Private\BodyCam\src\BodyCam\Platforms\Android\Audio\AndroidBluetoothAudioOutputProvider.cs(27,32): warning CS0067: The event 'AndroidBluetoothAudioOutputProvider.OutputRouteChanged' is never used [E:\repos\Private\BodyCam\src\BodyCam\BodyCam.csproj::TargetFramework=net10.0-android]
E:\repos\Private\BodyCam\src\BodyCam\Services\Glasses\HeyCyan\HeyCyanButtonProvider.cs(38,48): warning CS0067: The event 'HeyCyanButtonProvider.RawButtonEvent' is never used [E:\repos\Private\BodyCam\src\BodyCam\BodyCam.csproj::TargetFramework=net10.0-android]
E:\repos\Private\BodyCam\src\BodyCam\Platforms\Android\PlatformMicProvider.cs(29,32): warning CS0067: The event 'PlatformMicProvider.Disconnected' is never used [E:\repos\Private\BodyCam\src\BodyCam\BodyCam.csproj::TargetFramework=net10.0-android]
E:\repos\Private\BodyCam\src\BodyCam\Services\Camera\PhoneCameraProvider.cs(19,32): warning CS0067: The event 'PhoneCameraProvider.Disconnected' is never used [E:\repos\Private\BodyCam\src\BodyCam\BodyCam.csproj::TargetFramework=net10.0-android]
E:\repos\Private\BodyCam\src\BodyCam\Platforms\Android\PhoneSpeakerProvider.cs(40,32): warning CS0067: The event 'PhoneSpeakerProvider.OutputRouteChanged' is never used [E:\repos\Private\BodyCam\src\BodyCam\BodyCam.csproj::TargetFramework=net10.0-android]
E:\repos\Private\BodyCam\src\BodyCam\Services\Audio\BluetoothAudioOutputProvider.cs(25,32): warning CS0067: The event 'BluetoothAudioOutputProvider.OutputRouteChanged' is never used [E:\repos\Private\BodyCam\src\BodyCam\BodyCam.csproj::TargetFramework=net10.0-android]
E:\repos\Private\BodyCam\src\BodyCam\Services\Glasses\HeyCyan\HeyCyanButtonProvider.cs(40,32): warning CS0067: The event 'HeyCyanButtonProvider.Disconnected' is never used [E:\repos\Private\BodyCam\src\BodyCam\BodyCam.csproj::TargetFramework=net10.0-android]
E:\repos\Private\BodyCam\src\BodyCam\Platforms\Android\Audio\AndroidBluetoothAudioProvider.cs(28,32): warning CS0067: The event 'AndroidBluetoothAudioProvider.Disconnected' is never used [E:\repos\Private\BodyCam\src\BodyCam\BodyCam.csproj::TargetFramework=net10.0-android]
E:\repos\Private\BodyCam\src\BodyCam\Services\Glasses\HeyCyan\HeyCyanGlassesSessionCore.cs(48,40): warning CS0067: The event 'HeyCyanGlassesSessionCore.AiPhotoReceived' is never used [E:\repos\Private\BodyCam\src\BodyCam\BodyCam.csproj::TargetFramework=net10.0-android]
E:\repos\Private\BodyCam\src\BodyCam\Platforms\Android\PhoneSpeakerProvider.cs(39,32): warning CS0067: The event 'PhoneSpeakerProvider.Disconnected' is never used [E:\repos\Private\BodyCam\src\BodyCam\BodyCam.csproj::TargetFramework=net10.0-android]
E:\repos\Private\BodyCam\src\BodyCam\Services\Glasses\HeyCyan\HeyCyanAudioOutputProvider.cs(34,32): warning CS0067: The event 'HeyCyanAudioOutputProvider.OutputRouteChanged' is never used [E:\repos\Private\BodyCam\src\BodyCam\BodyCam.csproj::TargetFramework=net10.0-android]
E:\repos\Private\BodyCam\src\BodyCam\Services\NullWakeWordService.cs(7,59): warning CS0067: The event 'NullWakeWordService.WakeWordDetected' is never used [E:\repos\Private\BodyCam\src\BodyCam\BodyCam.csproj::TargetFramework=net10.0-android]
E:\repos\Private\BodyCam\src\BodyCam\Services\Glasses\HeyCyan\HeyCyanCameraProvider.cs(26,18): warning CS0414: The field 'HeyCyanCameraProvider._started' is assigned but its value is never used [E:\repos\Private\BodyCam\src\BodyCam\BodyCam.csproj::TargetFramework=net10.0-android]
E:\repos\Private\BodyCam\src\BodyCam\Platforms\Android\HeyCyan\HeyCyanCodecProbe.Android.cs(16,43): warning CS1574: XML comment has cref attribute 'GetCodecStatus(BluetoothDevice)' that could not be resolved [E:\repos\Private\BodyCam\src\BodyCam\BodyCam.csproj::TargetFramework=net10.0-android]
E:\repos\Private\BodyCam\src\BodyCam\Platforms\Android\HeyCyan\AndroidMediaStore.cs(36,20): warning CA1416: This call site is reachable on: 'Android' 26.0 and later. 'MediaStore.IMediaColumns.RelativePath' is only supported on: 'android' 29.0 and later. (https://learn.microsoft.com/dotnet/fundamentals/code-analysis/quality-rules/ca1416) [E:\repos\Private\BodyCam\src\BodyCam\BodyCam.csproj::TargetFramework=net10.0-android]
E:\repos\Private\BodyCam\src\BodyCam\Platforms\Android\Audio\AndroidBluetoothEnumerator.cs(104,30): warning CA1422: This call site is reachable on: 'Android' 26.0 and later. 'Intent.GetParcelableExtra(string?)' is obsoleted on: 'Android' 33.0 and later. (https://learn.microsoft.com/dotnet/fundamentals/code-analysis/quality-rules/ca1422) [E:\repos\Private\BodyCam\src\BodyCam\BodyCam.csproj::TargetFramework=net10.0-android]
E:\repos\Private\BodyCam\src\BodyCam\Platforms\Android\Audio\AndroidBluetoothEnumerator.cs(32,23): warning CA1422: This call site is reachable on: 'Android' 26.0 and later. 'BluetoothAdapter.DefaultAdapter' is obsoleted on: 'Android' 31.0 and later. (https://learn.microsoft.com/dotnet/fundamentals/code-analysis/quality-rules/ca1422) [E:\repos\Private\BodyCam\src\BodyCam\BodyCam.csproj::TargetFramework=net10.0-android]
E:\repos\Private\BodyCam\src\BodyCam\Platforms\Android\HeyCyan\HeyCyanCodecProbe.Android.cs(54,23): warning CA1422: This call site is reachable on: 'Android' 26.0 and later. 'BluetoothAdapter.DefaultAdapter' is obsoleted on: 'Android' 31.0 and later. (https://learn.microsoft.com/dotnet/fundamentals/code-analysis/quality-rules/ca1422) [E:\repos\Private\BodyCam\src\BodyCam\BodyCam.csproj::TargetFramework=net10.0-android]
E:\repos\Private\BodyCam\src\BodyCam\Platforms\Android\HeyCyan\AndroidMediaStore.cs(57,20): warning CA1416: This call site is reachable on: 'Android' 26.0 and later. 'MediaStore.IMediaColumns.RelativePath' is only supported on: 'android' 29.0 and later. (https://learn.microsoft.com/dotnet/fundamentals/code-analysis/quality-rules/ca1416) [E:\repos\Private\BodyCam\src\BodyCam\BodyCam.csproj::TargetFramework=net10.0-android]
E:\repos\Private\BodyCam\src\BodyCam\Platforms\Android\HeyCyan\WiFiP2pHttpClient.cs(170,27): warning CA1422: This call site is reachable on: 'Android' 26.0 and later. 'ConnectivityManager.GetAllNetworks()' is obsoleted on: 'Android' 31.0 and later. (https://learn.microsoft.com/dotnet/fundamentals/code-analysis/quality-rules/ca1422) [E:\repos\Private\BodyCam\src\BodyCam\BodyCam.csproj::TargetFramework=net10.0-android]
E:\repos\Private\BodyCam\src\BodyCam\Platforms\Android\HeyCyan\AndroidMediaStore.cs(82,20): warning CA1416: This call site is reachable on: 'Android' 26.0 and later. 'MediaStore.IMediaColumns.RelativePath' is only supported on: 'android' 29.0 and later. (https://learn.microsoft.com/dotnet/fundamentals/code-analysis/quality-rules/ca1416) [E:\repos\Private\BodyCam\src\BodyCam\BodyCam.csproj::TargetFramework=net10.0-android]
E:\repos\Private\BodyCam\src\BodyCam\Platforms\Android\HeyCyan\HeyCyanCodecProbe.Android.cs(91,27): warning CA1422: This call site is reachable on: 'Android' 26.0 and later. 'BluetoothAdapter.DefaultAdapter' is obsoleted on: 'Android' 31.0 and later. (https://learn.microsoft.com/dotnet/fundamentals/code-analysis/quality-rules/ca1422) [E:\repos\Private\BodyCam\src\BodyCam\BodyCam.csproj::TargetFramework=net10.0-android]
  BodyCam -> E:\repos\Private\BodyCam\src\BodyCam\bin\Debug\net10.0-android\BodyCam.dll
  BodyCam.HeyCyan.Android.Bindings -> E:\repos\Private\BodyCam\src\BodyCam.HeyCyan.Android.Bindings\bin\Debug\net10.0-android\BodyCam.HeyCyan.Android.Bindings.dll
Attempting to cancel the build...
