  Determining projects to restore...
  All projects are up-to-date for restore.
  Build #693
E:\repos\Private\BodyCam\src\BodyCam\Services\Glasses\HeyCyan\HeyCyanGlassesSessionCore.cs(48,40): warning CS0067: The event 'HeyCyanGlassesSessionCore.AiPhotoReceived' is never used [E:\repos\Private\BodyCam\src\BodyCam\BodyCam.csproj::TargetFramework=net10.0-windows10.0.19041.0]
E:\repos\Private\BodyCam\src\BodyCam\Services\Glasses\HeyCyan\HeyCyanAudioOutputProvider.cs(34,32): warning CS0067: The event 'HeyCyanAudioOutputProvider.OutputRouteChanged' is never used [E:\repos\Private\BodyCam\src\BodyCam\BodyCam.csproj::TargetFramework=net10.0-windows10.0.19041.0]
E:\repos\Private\BodyCam\src\BodyCam\Services\NullWakeWordService.cs(7,59): warning CS0067: The event 'NullWakeWordService.WakeWordDetected' is never used [E:\repos\Private\BodyCam\src\BodyCam\BodyCam.csproj::TargetFramework=net10.0-windows10.0.19041.0]
E:\repos\Private\BodyCam\src\BodyCam\Platforms\Windows\WindowsSpeakerProvider.cs(27,32): warning CS0067: The event 'WindowsSpeakerProvider.OutputRouteChanged' is never used [E:\repos\Private\BodyCam\src\BodyCam\BodyCam.csproj::TargetFramework=net10.0-windows10.0.19041.0]
E:\repos\Private\BodyCam\src\BodyCam\Platforms\Windows\Input\KeyboardShortcutProvider.cs(19,52): warning CS0067: The event 'KeyboardShortcutProvider.PreRecognizedGesture' is never used [E:\repos\Private\BodyCam\src\BodyCam\BodyCam.csproj::TargetFramework=net10.0-windows10.0.19041.0]
E:\repos\Private\BodyCam\src\BodyCam\Services\Glasses\HeyCyan\HeyCyanButtonProvider.cs(40,32): warning CS0067: The event 'HeyCyanButtonProvider.Disconnected' is never used [E:\repos\Private\BodyCam\src\BodyCam\BodyCam.csproj::TargetFramework=net10.0-windows10.0.19041.0]
E:\repos\Private\BodyCam\src\BodyCam\Services\Glasses\HeyCyan\HeyCyanButtonProvider.cs(38,48): warning CS0067: The event 'HeyCyanButtonProvider.RawButtonEvent' is never used [E:\repos\Private\BodyCam\src\BodyCam\BodyCam.csproj::TargetFramework=net10.0-windows10.0.19041.0]
E:\repos\Private\BodyCam\src\BodyCam\Platforms\Windows\Input\KeyboardShortcutProvider.cs(20,32): warning CS0067: The event 'KeyboardShortcutProvider.Disconnected' is never used [E:\repos\Private\BodyCam\src\BodyCam\BodyCam.csproj::TargetFramework=net10.0-windows10.0.19041.0]
E:\repos\Private\BodyCam\src\BodyCam\Platforms\Windows\PlatformMicProvider.cs(21,32): warning CS0067: The event 'PlatformMicProvider.Disconnected' is never used [E:\repos\Private\BodyCam\src\BodyCam\BodyCam.csproj::TargetFramework=net10.0-windows10.0.19041.0]
E:\repos\Private\BodyCam\src\BodyCam\Services\Camera\PhoneCameraProvider.cs(19,32): warning CS0067: The event 'PhoneCameraProvider.Disconnected' is never used [E:\repos\Private\BodyCam\src\BodyCam\BodyCam.csproj::TargetFramework=net10.0-windows10.0.19041.0]
E:\repos\Private\BodyCam\src\BodyCam\Platforms\Windows\Audio\WindowsBluetoothAudioOutputProvider.cs(24,32): warning CS0067: The event 'WindowsBluetoothAudioOutputProvider.OutputRouteChanged' is never used [E:\repos\Private\BodyCam\src\BodyCam\BodyCam.csproj::TargetFramework=net10.0-windows10.0.19041.0]
E:\repos\Private\BodyCam\src\BodyCam\Platforms\Windows\WindowsSpeakerProvider.cs(26,32): warning CS0067: The event 'WindowsSpeakerProvider.Disconnected' is never used [E:\repos\Private\BodyCam\src\BodyCam\BodyCam.csproj::TargetFramework=net10.0-windows10.0.19041.0]
E:\repos\Private\BodyCam\src\BodyCam\Services\Audio\BluetoothAudioOutputProvider.cs(25,32): warning CS0067: The event 'BluetoothAudioOutputProvider.OutputRouteChanged' is never used [E:\repos\Private\BodyCam\src\BodyCam\BodyCam.csproj::TargetFramework=net10.0-windows10.0.19041.0]
E:\repos\Private\BodyCam\src\BodyCam\Services\Glasses\HeyCyan\HeyCyanCameraProvider.cs(26,18): warning CS0414: The field 'HeyCyanCameraProvider._started' is assigned but its value is never used [E:\repos\Private\BodyCam\src\BodyCam\BodyCam.csproj::TargetFramework=net10.0-windows10.0.19041.0]
  BodyCam -> E:\repos\Private\BodyCam\src\BodyCam\bin\Debug\net10.0-windows10.0.19041.0\win-x64\BodyCam.dll

Build succeeded.

E:\repos\Private\BodyCam\src\BodyCam\Services\Glasses\HeyCyan\HeyCyanGlassesSessionCore.cs(48,40): warning CS0067: The event 'HeyCyanGlassesSessionCore.AiPhotoReceived' is never used [E:\repos\Private\BodyCam\src\BodyCam\BodyCam.csproj::TargetFramework=net10.0-windows10.0.19041.0]
E:\repos\Private\BodyCam\src\BodyCam\Services\Glasses\HeyCyan\HeyCyanAudioOutputProvider.cs(34,32): warning CS0067: The event 'HeyCyanAudioOutputProvider.OutputRouteChanged' is never used [E:\repos\Private\BodyCam\src\BodyCam\BodyCam.csproj::TargetFramework=net10.0-windows10.0.19041.0]
E:\repos\Private\BodyCam\src\BodyCam\Services\NullWakeWordService.cs(7,59): warning CS0067: The event 'NullWakeWordService.WakeWordDetected' is never used [E:\repos\Private\BodyCam\src\BodyCam\BodyCam.csproj::TargetFramework=net10.0-windows10.0.19041.0]
E:\repos\Private\BodyCam\src\BodyCam\Platforms\Windows\WindowsSpeakerProvider.cs(27,32): warning CS0067: The event 'WindowsSpeakerProvider.OutputRouteChanged' is never used [E:\repos\Private\BodyCam\src\BodyCam\BodyCam.csproj::TargetFramework=net10.0-windows10.0.19041.0]
E:\repos\Private\BodyCam\src\BodyCam\Platforms\Windows\Input\KeyboardShortcutProvider.cs(19,52): warning CS0067: The event 'KeyboardShortcutProvider.PreRecognizedGesture' is never used [E:\repos\Private\BodyCam\src\BodyCam\BodyCam.csproj::TargetFramework=net10.0-windows10.0.19041.0]
E:\repos\Private\BodyCam\src\BodyCam\Services\Glasses\HeyCyan\HeyCyanButtonProvider.cs(40,32): warning CS0067: The event 'HeyCyanButtonProvider.Disconnected' is never used [E:\repos\Private\BodyCam\src\BodyCam\BodyCam.csproj::TargetFramework=net10.0-windows10.0.19041.0]
E:\repos\Private\BodyCam\src\BodyCam\Services\Glasses\HeyCyan\HeyCyanButtonProvider.cs(38,48): warning CS0067: The event 'HeyCyanButtonProvider.RawButtonEvent' is never used [E:\repos\Private\BodyCam\src\BodyCam\BodyCam.csproj::TargetFramework=net10.0-windows10.0.19041.0]
E:\repos\Private\BodyCam\src\BodyCam\Platforms\Windows\Input\KeyboardShortcutProvider.cs(20,32): warning CS0067: The event 'KeyboardShortcutProvider.Disconnected' is never used [E:\repos\Private\BodyCam\src\BodyCam\BodyCam.csproj::TargetFramework=net10.0-windows10.0.19041.0]
E:\repos\Private\BodyCam\src\BodyCam\Platforms\Windows\PlatformMicProvider.cs(21,32): warning CS0067: The event 'PlatformMicProvider.Disconnected' is never used [E:\repos\Private\BodyCam\src\BodyCam\BodyCam.csproj::TargetFramework=net10.0-windows10.0.19041.0]
E:\repos\Private\BodyCam\src\BodyCam\Services\Camera\PhoneCameraProvider.cs(19,32): warning CS0067: The event 'PhoneCameraProvider.Disconnected' is never used [E:\repos\Private\BodyCam\src\BodyCam\BodyCam.csproj::TargetFramework=net10.0-windows10.0.19041.0]
E:\repos\Private\BodyCam\src\BodyCam\Platforms\Windows\Audio\WindowsBluetoothAudioOutputProvider.cs(24,32): warning CS0067: The event 'WindowsBluetoothAudioOutputProvider.OutputRouteChanged' is never used [E:\repos\Private\BodyCam\src\BodyCam\BodyCam.csproj::TargetFramework=net10.0-windows10.0.19041.0]
E:\repos\Private\BodyCam\src\BodyCam\Platforms\Windows\WindowsSpeakerProvider.cs(26,32): warning CS0067: The event 'WindowsSpeakerProvider.Disconnected' is never used [E:\repos\Private\BodyCam\src\BodyCam\BodyCam.csproj::TargetFramework=net10.0-windows10.0.19041.0]
E:\repos\Private\BodyCam\src\BodyCam\Services\Audio\BluetoothAudioOutputProvider.cs(25,32): warning CS0067: The event 'BluetoothAudioOutputProvider.OutputRouteChanged' is never used [E:\repos\Private\BodyCam\src\BodyCam\BodyCam.csproj::TargetFramework=net10.0-windows10.0.19041.0]
E:\repos\Private\BodyCam\src\BodyCam\Services\Glasses\HeyCyan\HeyCyanCameraProvider.cs(26,18): warning CS0414: The field 'HeyCyanCameraProvider._started' is assigned but its value is never used [E:\repos\Private\BodyCam\src\BodyCam\BodyCam.csproj::TargetFramework=net10.0-windows10.0.19041.0]
    14 Warning(s)
    0 Error(s)

Time Elapsed 00:00:15.71
